05/20 07:33:28 PM | Namespace(batch_size=8, checkpoint_interval=1, compute_map=False, data_config='config/coco.data', epochs=100, evaluation_interval=1, gradient_accumulations=2, img_size=416, job_dir='./experiments/class_6_baseline', lr=0.001, lr_type='ori', model_def='config/yolov3.cfg', multiscale_training=True, n_cpu=8, pr_cfg=[0, 0, 0, 0, 0], pretrained_weights='weights/darknet53.conv.74', random_rule='random_pretrain')
05/20 07:33:28 PM | {'gpus': '0,1,2,3', 'num_workers': '10', 'classes': '6', 'train': '/media/disk2/zyx/coco_class_6/class_train.txt', 'valid': '/media/disk2/zyx/coco_class_6/class_val.txt', 'names': 'data/coco.names', 'backup': 'backup/', 'eval': 'coco'}
05/20 07:41:10 PM | Namespace(batch_size=8, checkpoint_interval=1, compute_map=False, data_config='config/coco.data', epochs=100, evaluation_interval=1, gradient_accumulations=2, img_size=416, job_dir='./experiments/class_6_baseline', lr=0.001, lr_type='ori', model_def='config/yolov3.cfg', multiscale_training=True, n_cpu=8, pr_cfg=[0, 0, 0, 0, 0], pretrained_weights='weights/darknet53.conv.74', random_rule='random_pretrain')
05/20 07:41:10 PM | {'gpus': '0,1,2,3', 'num_workers': '10', 'classes': '6', 'train': '/media/disk2/zyx/coco_class_6/class_train.txt', 'valid': '/media/disk2/zyx/coco_class_6/class_val.txt', 'names': 'data/coco.names', 'backup': 'backup/', 'eval': 'coco'}
05/20 07:42:20 PM | Namespace(batch_size=8, checkpoint_interval=1, compute_map=False, data_config='config/coco.data', epochs=100, evaluation_interval=1, gradient_accumulations=2, img_size=416, job_dir='./experiments/class_6_baseline', lr=0.001, lr_type='ori', model_def='config/yolov3.cfg', multiscale_training=True, n_cpu=8, pr_cfg=[0, 0, 0, 0, 0], pretrained_weights='weights/darknet53.conv.74', random_rule='random_pretrain')
05/20 07:42:20 PM | {'gpus': '0,1,2,3', 'num_workers': '10', 'classes': '6', 'train': '/media/disk2/zyx/coco_class_6/class_train.txt', 'valid': '/media/disk2/zyx/coco_class_6/class_val.txt', 'names': 'data/coco.names', 'backup': 'backup/', 'eval': 'coco'}
05/23 08:12:08 AM | Namespace(batch_size=8, checkpoint_interval=1, compute_map=False, data_config='config/coco.data', epochs=100, evaluation_interval=1, gradient_accumulations=2, img_size=416, job_dir='./experiments/class_6_baseline', lr=0.001, lr_type='ori', model_def='config/yolov3.cfg', multiscale_training=True, n_cpu=8, pr_cfg=[0, 0, 0, 0, 0], pretrained_weights='weights/darknet53.conv.74', random_rule='random_pretrain')
05/23 08:12:08 AM | {'gpus': '0,1,2,3', 'num_workers': '10', 'classes': '6', 'train': '/media/disk2/zyx/coco_class_6/class_train.txt', 'valid': '/media/disk2/zyx/coco_class_6/class_val.txt', 'names': 'data/coco.names', 'backup': 'backup/', 'eval': 'coco'}
05/23 09:15:47 AM | Epoch[0] :	Total_loss 11.057995796203613	
05/23 10:07:52 AM | Epoch[1] :	Total_loss 10.152870178222656	
05/23 11:00:01 AM | Epoch[2] :	Total_loss 9.843215942382812	
05/23 11:53:10 AM | Epoch[3] :	Total_loss 9.757036209106445	
05/23 12:48:22 PM | Epoch[4] :	Total_loss 5.849908828735352	
05/23 01:43:39 PM | Epoch[5] :	Total_loss 9.095505714416504	
05/23 02:38:16 PM | Epoch[6] :	Total_loss 6.493078231811523	
05/23 03:32:38 PM | Epoch[7] :	Total_loss 4.729234218597412	
05/23 04:27:36 PM | Epoch[8] :	Total_loss 6.1114726066589355	
05/23 05:21:46 PM | Epoch[9] :	Total_loss 8.021546363830566	
05/23 06:16:30 PM | Epoch[10] :	Total_loss 3.054218292236328	
05/23 07:10:09 PM | Epoch[11] :	Total_loss 4.764701843261719	
05/23 08:03:47 PM | Epoch[12] :	Total_loss 6.539299011230469	
05/23 08:55:58 PM | Epoch[13] :	Total_loss 5.588212966918945	
05/23 09:48:25 PM | Epoch[14] :	Total_loss 6.624755382537842	
05/23 10:40:06 PM | Epoch[15] :	Total_loss 6.881948471069336	
05/23 11:32:16 PM | Epoch[16] :	Total_loss 6.813760757446289	
05/24 12:24:00 AM | Epoch[17] :	Total_loss 6.357936382293701	
05/24 01:14:30 AM | Epoch[18] :	Total_loss 6.755880355834961	
05/24 02:07:14 AM | Epoch[19] :	Total_loss 7.142068862915039	
05/24 02:58:52 AM | Epoch[20] :	Total_loss 5.699185371398926	
05/24 03:52:52 AM | Epoch[21] :	Total_loss 7.645122051239014	
05/24 04:47:39 AM | Epoch[22] :	Total_loss 3.070251941680908	
05/24 05:42:18 AM | Epoch[23] :	Total_loss 6.2690019607543945	
05/24 06:37:37 AM | Epoch[24] :	Total_loss 4.796584606170654	
05/24 07:33:07 AM | Epoch[25] :	Total_loss 5.297825336456299	
05/24 08:27:55 AM | Epoch[26] :	Total_loss 5.163784027099609	
05/24 09:22:28 AM | Epoch[27] :	Total_loss 3.8557257652282715	
05/24 10:12:05 AM | Epoch[28] :	Total_loss 6.875502109527588	
05/24 11:04:02 AM | Epoch[29] :	Total_loss 4.474258899688721	
05/24 11:57:16 AM | Epoch[30] :	Total_loss 6.005923271179199	
05/24 12:50:45 PM | Epoch[31] :	Total_loss 4.81436014175415	
05/24 01:43:26 PM | Epoch[32] :	Total_loss 4.851480007171631	
05/24 02:36:15 PM | Epoch[33] :	Total_loss 3.213392734527588	
05/24 03:41:27 PM | Epoch[34] :	Total_loss 4.876718521118164	
05/24 04:35:33 PM | Epoch[35] :	Total_loss 4.559535980224609	
05/24 05:29:59 PM | Epoch[36] :	Total_loss 2.5393669605255127	
05/24 06:27:17 PM | Epoch[37] :	Total_loss 4.708103179931641	
05/24 07:23:17 PM | Epoch[38] :	Total_loss 4.822352409362793	
05/24 08:20:16 PM | Epoch[39] :	Total_loss 3.569262981414795	
05/24 09:17:10 PM | Epoch[40] :	Total_loss 4.553945541381836	
05/24 10:12:37 PM | Epoch[41] :	Total_loss 4.072465419769287	
05/24 11:07:40 PM | Epoch[42] :	Total_loss 3.6377696990966797	
05/25 12:01:09 AM | Epoch[43] :	Total_loss 4.818962574005127	
05/25 12:55:47 AM | Epoch[44] :	Total_loss 3.329728603363037	
05/25 01:49:41 AM | Epoch[45] :	Total_loss 3.8754146099090576	
05/25 02:43:40 AM | Epoch[46] :	Total_loss 3.5074849128723145	
05/25 03:37:31 AM | Epoch[47] :	Total_loss 3.586743116378784	
05/25 04:26:46 AM | Epoch[48] :	Total_loss 5.363539218902588	
05/25 05:16:01 AM | Epoch[49] :	Total_loss 4.991963863372803	
05/25 06:05:51 AM | Epoch[50] :	Total_loss 3.2632265090942383	
05/25 06:56:36 AM | Epoch[51] :	Total_loss 5.373147964477539	
05/25 07:07:04 AM | Epoch[51] :	Map 0.3548	
05/25 07:07:05 AM | Best_map 0.3548	
05/25 07:58:23 AM | Epoch[52] :	Total_loss 3.9345154762268066	
05/25 08:08:47 AM | Epoch[52] :	Map 0.3955	
05/25 08:08:48 AM | Best_map 0.3955	
05/25 08:59:37 AM | Epoch[53] :	Total_loss 4.230330944061279	
05/25 09:09:42 AM | Epoch[53] :	Map 0.3635	
05/25 09:59:47 AM | Epoch[54] :	Total_loss 5.010882377624512	
05/25 10:10:02 AM | Epoch[54] :	Map 0.3851	
05/25 11:00:13 AM | Epoch[55] :	Total_loss 6.161313056945801	
05/25 11:10:29 AM | Epoch[55] :	Map 0.3362	
05/25 12:02:30 PM | Epoch[56] :	Total_loss 4.173679828643799	
05/25 12:23:14 PM | Epoch[56] :	Map 0.3856	
05/25 01:20:43 PM | Epoch[57] :	Total_loss 2.9440784454345703	
05/25 01:41:47 PM | Epoch[57] :	Map 0.3910	
05/25 02:39:52 PM | Epoch[58] :	Total_loss 5.370308876037598	
05/25 03:00:51 PM | Epoch[58] :	Map 0.3768	
05/25 04:00:10 PM | Epoch[59] :	Total_loss 3.060969114303589	
05/25 04:20:47 PM | Epoch[59] :	Map 0.3959	
05/25 04:20:48 PM | Best_map 0.3959	
05/25 05:18:35 PM | Epoch[60] :	Total_loss 3.450035810470581	
05/25 05:39:46 PM | Epoch[60] :	Map 0.3756	
05/25 06:36:26 PM | Epoch[61] :	Total_loss 4.05174446105957	
05/25 06:50:07 PM | Epoch[61] :	Map 0.3870	
05/25 07:39:58 PM | Epoch[62] :	Total_loss 4.054405212402344	
05/25 07:50:12 PM | Epoch[62] :	Map 0.3816	
05/25 08:40:07 PM | Epoch[63] :	Total_loss 4.171018123626709	
05/25 08:59:18 PM | Epoch[63] :	Map 0.3793	
05/25 09:56:16 PM | Epoch[64] :	Total_loss 4.4594926834106445	
05/25 10:16:36 PM | Epoch[64] :	Map 0.3724	
05/25 11:12:22 PM | Epoch[65] :	Total_loss 3.8249688148498535	
05/25 11:38:49 PM | Epoch[65] :	Map 0.3726	
05/26 12:36:04 AM | Epoch[66] :	Total_loss 3.8979201316833496	
05/26 12:57:12 AM | Epoch[66] :	Map 0.3418	
05/26 01:55:12 AM | Epoch[67] :	Total_loss 2.968154191970825	
05/26 02:15:54 AM | Epoch[67] :	Map 0.3444	
05/26 03:15:49 AM | Epoch[68] :	Total_loss 3.8488237857818604	
05/26 03:39:06 AM | Epoch[68] :	Map 0.3848	
05/26 04:37:20 AM | Epoch[69] :	Total_loss 3.559368133544922	
05/26 04:54:57 AM | Epoch[69] :	Map 0.3580	
05/26 05:48:41 AM | Epoch[70] :	Total_loss 3.265577793121338	
05/26 06:04:46 AM | Epoch[70] :	Map 0.3745	
05/26 06:56:18 AM | Epoch[71] :	Total_loss 4.931827068328857	
05/26 07:10:06 AM | Epoch[71] :	Map 0.3741	
05/26 08:00:17 AM | Epoch[72] :	Total_loss 2.072317123413086	
05/26 08:18:59 AM | Epoch[72] :	Map 0.3811	
05/26 09:17:16 AM | Epoch[73] :	Total_loss 2.6765615940093994	
05/26 09:40:01 AM | Epoch[73] :	Map 0.3630	
05/26 10:38:42 AM | Epoch[74] :	Total_loss 4.689852714538574	
05/26 11:01:03 AM | Epoch[74] :	Map 0.4208	
05/26 11:01:04 AM | Best_map 0.4208	
05/26 11:54:21 AM | Epoch[75] :	Total_loss 3.2019307613372803	
05/26 12:14:08 PM | Epoch[75] :	Map 0.4098	
05/26 01:06:00 PM | Epoch[76] :	Total_loss 3.1945598125457764	
05/26 01:21:31 PM | Epoch[76] :	Map 0.3523	
05/26 02:09:03 PM | Epoch[77] :	Total_loss 3.3991036415100098	
05/26 02:24:59 PM | Epoch[77] :	Map 0.3912	
05/26 03:10:25 PM | Epoch[78] :	Total_loss 3.450528621673584	
05/26 03:24:15 PM | Epoch[78] :	Map 0.3928	
05/26 04:08:59 PM | Epoch[79] :	Total_loss 3.2435364723205566	
05/26 04:21:15 PM | Epoch[79] :	Map 0.3989	
05/26 05:05:12 PM | Epoch[80] :	Total_loss 3.6848998069763184	
05/26 05:15:45 PM | Epoch[80] :	Map 0.3930	
05/26 05:58:55 PM | Epoch[81] :	Total_loss 2.274198055267334	
05/26 06:09:03 PM | Epoch[81] :	Map 0.4116	
05/26 06:52:54 PM | Epoch[82] :	Total_loss 2.5872554779052734	
05/26 07:07:46 PM | Epoch[82] :	Map 0.3911	
05/26 08:07:15 PM | Epoch[83] :	Total_loss 2.1801557540893555	
05/26 08:34:35 PM | Epoch[83] :	Map 0.3453	
05/26 09:37:37 PM | Epoch[84] :	Total_loss 3.022618055343628	
05/26 10:20:14 PM | Epoch[84] :	Map 0.3649	
05/26 11:27:33 PM | Epoch[85] :	Total_loss 1.2582857608795166	
05/26 11:48:39 PM | Epoch[85] :	Map 0.3934	
05/27 12:51:42 AM | Epoch[86] :	Total_loss 4.499420166015625	
05/27 01:13:51 AM | Epoch[86] :	Map 0.3934	
05/27 02:17:03 AM | Epoch[87] :	Total_loss 3.1245505809783936	
05/27 02:40:05 AM | Epoch[87] :	Map 0.3766	
05/27 03:44:12 AM | Epoch[88] :	Total_loss 2.9377923011779785	
05/27 04:06:59 AM | Epoch[88] :	Map 0.3655	
05/27 05:10:19 AM | Epoch[89] :	Total_loss 3.497605800628662	
05/27 05:34:44 AM | Epoch[89] :	Map 0.3847	
05/27 06:38:51 AM | Epoch[90] :	Total_loss 1.7995542287826538	
05/27 07:01:32 AM | Epoch[90] :	Map 0.4013	
05/27 08:03:43 AM | Epoch[91] :	Total_loss 3.360597610473633	
05/27 08:24:21 AM | Epoch[91] :	Map 0.3853	
05/27 09:25:29 AM | Epoch[92] :	Total_loss 2.9431581497192383	
05/27 09:46:04 AM | Epoch[92] :	Map 0.3707	
05/27 10:45:56 AM | Epoch[93] :	Total_loss 3.2610437870025635	
05/27 11:06:46 AM | Epoch[93] :	Map 0.3715	
05/27 12:08:28 PM | Epoch[94] :	Total_loss 3.160552501678467	
05/27 12:30:14 PM | Epoch[94] :	Map 0.4145	
05/27 01:32:50 PM | Epoch[95] :	Total_loss 3.5482234954833984	
05/27 01:55:11 PM | Epoch[95] :	Map 0.4083	
05/27 03:11:03 PM | Epoch[96] :	Total_loss 2.294422149658203	
05/27 03:34:06 PM | Epoch[96] :	Map 0.3517	
05/27 04:37:28 PM | Epoch[97] :	Total_loss 1.5382568836212158	
05/27 04:59:53 PM | Epoch[97] :	Map 0.3828	
05/27 06:02:42 PM | Epoch[98] :	Total_loss 4.177577018737793	
05/27 06:22:34 PM | Epoch[98] :	Map 0.3685	
05/27 07:20:03 PM | Epoch[99] :	Total_loss 3.4309277534484863	
05/27 07:38:43 PM | Epoch[99] :	Map 0.3872	
05/27 07:38:44 PM | Best_map 0.4208	
