06/08 06:47:58 PM | Namespace(batch_size=8, checkpoint_interval=1, compute_map=False, data_config='config/coco.data', epochs=100, evaluation_interval=1, gradient_accumulations=2, img_size=416, job_dir='./experiments/class_6_pr_4', lr=0.001, lr_type='ori', model_def='config/yolov3.cfg', multiscale_training=True, n_cpu=8, pr_cfg=[0.65, 0.65, 0.6, 0.6, 0.55], pretrained_weights='weights/darknet53.conv.74', random_rule='random_pretrain')
06/08 06:47:58 PM | {'gpus': '0,1,2,3', 'num_workers': '10', 'classes': '6', 'train': '/media/disk2/zyx/coco_class_6/class_train.txt', 'valid': '/media/disk2/zyx/coco_class_6/class_val.txt', 'names': 'data/coco.names', 'backup': 'backup/', 'eval': 'coco'}
06/08 08:10:19 PM | Epoch[0] :	Total_loss 13.21475601196289	
06/08 09:32:16 PM | Epoch[1] :	Total_loss 12.16632080078125	
06/08 10:54:12 PM | Epoch[2] :	Total_loss 9.303361892700195	
06/09 12:15:55 AM | Epoch[3] :	Total_loss 6.428432464599609	
06/09 01:37:00 AM | Epoch[4] :	Total_loss 9.218038558959961	
06/09 02:57:52 AM | Epoch[5] :	Total_loss 10.623893737792969	
06/09 04:17:40 AM | Epoch[6] :	Total_loss 7.838329315185547	
06/09 05:38:05 AM | Epoch[7] :	Total_loss 4.919104099273682	
06/09 06:59:50 AM | Epoch[8] :	Total_loss 5.432605266571045	
06/09 08:21:32 AM | Epoch[9] :	Total_loss 6.253844261169434	
06/09 09:43:08 AM | Epoch[10] :	Total_loss 7.0545268058776855	
06/09 10:54:49 AM | Epoch[11] :	Total_loss 7.380210876464844	
06/09 12:16:49 PM | Epoch[12] :	Total_loss 8.04229736328125	
06/09 01:29:55 PM | Epoch[13] :	Total_loss 7.805045127868652	
06/09 02:53:31 PM | Epoch[14] :	Total_loss 8.507732391357422	
06/09 04:18:15 PM | Epoch[15] :	Total_loss 4.969998836517334	
06/09 05:43:23 PM | Epoch[16] :	Total_loss 7.212100982666016	
06/09 07:08:28 PM | Epoch[17] :	Total_loss 9.74062728881836	
06/09 08:35:01 PM | Epoch[18] :	Total_loss 6.582775115966797	
06/09 10:01:20 PM | Epoch[19] :	Total_loss 6.177232265472412	
06/09 11:26:21 PM | Epoch[20] :	Total_loss 7.1268463134765625	
06/10 12:50:28 AM | Epoch[21] :	Total_loss 7.244149208068848	
06/10 02:13:47 AM | Epoch[22] :	Total_loss 6.8203840255737305	
06/10 03:36:10 AM | Epoch[23] :	Total_loss 6.276327610015869	
06/10 04:57:36 AM | Epoch[24] :	Total_loss 4.986075401306152	
06/10 06:20:05 AM | Epoch[25] :	Total_loss 7.608652591705322	
06/10 07:42:16 AM | Epoch[26] :	Total_loss 8.234390258789062	
06/10 09:03:48 AM | Epoch[27] :	Total_loss 5.9667792320251465	
06/10 10:26:18 AM | Epoch[28] :	Total_loss 6.601741313934326	
06/10 11:49:09 AM | Epoch[29] :	Total_loss 6.1981048583984375	
06/10 01:14:21 PM | Epoch[30] :	Total_loss 5.501021862030029	
06/10 02:38:13 PM | Epoch[31] :	Total_loss 6.747694492340088	
06/10 04:01:38 PM | Epoch[32] :	Total_loss 8.12220573425293	
06/10 04:50:53 PM | Epoch[33] :	Total_loss 4.539207935333252	
06/10 05:18:42 PM | Epoch[34] :	Total_loss 6.086702823638916	
06/10 05:37:14 PM | Epoch[35] :	Total_loss 6.1295013427734375	
06/10 05:53:59 PM | Epoch[36] :	Total_loss 3.850376605987549	
06/10 06:11:27 PM | Epoch[37] :	Total_loss 4.398036479949951	
06/10 06:30:59 PM | Epoch[38] :	Total_loss 4.373648643493652	
06/10 06:47:39 PM | Epoch[39] :	Total_loss 2.257744312286377	
06/10 07:04:36 PM | Epoch[40] :	Total_loss 5.126077175140381	
06/10 07:27:16 PM | Epoch[41] :	Total_loss 7.119120121002197	
06/10 07:44:20 PM | Epoch[42] :	Total_loss 7.077195167541504	
06/10 08:01:01 PM | Epoch[43] :	Total_loss 6.499805450439453	
06/10 08:20:33 PM | Epoch[44] :	Total_loss 3.1215951442718506	
06/10 08:36:59 PM | Epoch[45] :	Total_loss 4.324398994445801	
06/10 08:53:23 PM | Epoch[46] :	Total_loss 5.472241401672363	
06/10 09:13:12 PM | Epoch[47] :	Total_loss 5.062469005584717	
06/10 09:29:18 PM | Epoch[48] :	Total_loss 4.640766143798828	
06/10 09:45:17 PM | Epoch[49] :	Total_loss 3.1304562091827393	
06/10 10:01:34 PM | Epoch[50] :	Total_loss 4.1944475173950195	
06/10 10:17:28 PM | Epoch[51] :	Total_loss 3.529998540878296	
06/10 10:30:27 PM | Epoch[51] :	Map 0.2851	
06/10 10:30:27 PM | Best_map 0.2851	
06/10 10:46:54 PM | Epoch[52] :	Total_loss 5.322385787963867	
06/10 10:56:08 PM | Epoch[52] :	Map 0.2997	
06/10 10:56:08 PM | Best_map 0.2997	
06/10 11:12:05 PM | Epoch[53] :	Total_loss 5.637297630310059	
06/10 11:21:19 PM | Epoch[53] :	Map 0.2757	
06/10 11:37:49 PM | Epoch[54] :	Total_loss 6.345362663269043	
06/10 11:47:04 PM | Epoch[54] :	Map 0.3005	
06/10 11:47:05 PM | Best_map 0.3005	
06/11 12:03:53 AM | Epoch[55] :	Total_loss 3.8018555641174316	
06/11 12:13:04 AM | Epoch[55] :	Map 0.2935	
06/11 12:29:36 AM | Epoch[56] :	Total_loss 4.247937202453613	
06/11 12:38:52 AM | Epoch[56] :	Map 0.3063	
06/11 12:38:52 AM | Best_map 0.3063	
06/11 12:55:26 AM | Epoch[57] :	Total_loss 5.23587703704834	
06/11 01:04:43 AM | Epoch[57] :	Map 0.2980	
06/11 01:21:02 AM | Epoch[58] :	Total_loss 4.333754062652588	
06/11 01:30:12 AM | Epoch[58] :	Map 0.2817	
06/11 01:46:43 AM | Epoch[59] :	Total_loss 3.405177593231201	
06/11 01:55:55 AM | Epoch[59] :	Map 0.3034	
06/11 02:12:27 AM | Epoch[60] :	Total_loss 5.968249320983887	
06/11 02:21:37 AM | Epoch[60] :	Map 0.2949	
06/11 02:38:18 AM | Epoch[61] :	Total_loss 6.001295566558838	
06/11 02:47:32 AM | Epoch[61] :	Map 0.3284	
06/11 02:47:32 AM | Best_map 0.3284	
06/11 03:04:10 AM | Epoch[62] :	Total_loss 5.073861122131348	
06/11 03:13:18 AM | Epoch[62] :	Map 0.3202	
06/11 03:29:40 AM | Epoch[63] :	Total_loss 7.679898738861084	
06/11 03:38:47 AM | Epoch[63] :	Map 0.2509	
06/11 03:55:14 AM | Epoch[64] :	Total_loss 5.027262210845947	
06/11 04:04:22 AM | Epoch[64] :	Map 0.3170	
06/11 04:20:21 AM | Epoch[65] :	Total_loss 4.33616828918457	
06/11 04:29:20 AM | Epoch[65] :	Map 0.3328	
06/11 04:29:20 AM | Best_map 0.3328	
06/11 04:45:38 AM | Epoch[66] :	Total_loss 4.381235599517822	
06/11 04:54:47 AM | Epoch[66] :	Map 0.2744	
06/11 05:11:08 AM | Epoch[67] :	Total_loss 5.059061050415039	
06/11 05:20:23 AM | Epoch[67] :	Map 0.2863	
06/11 05:36:32 AM | Epoch[68] :	Total_loss 3.5424795150756836	
06/11 05:45:45 AM | Epoch[68] :	Map 0.3255	
06/11 06:02:00 AM | Epoch[69] :	Total_loss 4.722750186920166	
06/11 06:11:17 AM | Epoch[69] :	Map 0.2949	
06/11 06:27:44 AM | Epoch[70] :	Total_loss 6.0961384773254395	
06/11 06:36:57 AM | Epoch[70] :	Map 0.2978	
06/11 06:53:03 AM | Epoch[71] :	Total_loss 5.7904815673828125	
06/11 07:02:11 AM | Epoch[71] :	Map 0.2845	
06/11 07:18:12 AM | Epoch[72] :	Total_loss 4.480513572692871	
06/11 07:27:25 AM | Epoch[72] :	Map 0.3121	
06/11 07:43:21 AM | Epoch[73] :	Total_loss 3.772442102432251	
06/11 07:52:48 AM | Epoch[73] :	Map 0.2838	
06/11 08:44:40 AM | Epoch[74] :	Total_loss 4.877978324890137	
06/11 08:54:12 AM | Epoch[74] :	Map 0.3037	
06/11 09:10:24 AM | Epoch[75] :	Total_loss 5.40543270111084	
06/11 09:19:21 AM | Epoch[75] :	Map 0.3266	
06/11 09:35:42 AM | Epoch[76] :	Total_loss 5.240633010864258	
06/11 09:44:49 AM | Epoch[76] :	Map 0.3304	
06/11 10:02:49 AM | Epoch[77] :	Total_loss 5.291164398193359	
06/11 10:12:37 AM | Epoch[77] :	Map 0.3555	
06/11 10:12:37 AM | Best_map 0.3555	
06/11 10:28:58 AM | Epoch[78] :	Total_loss 3.7701315879821777	
06/11 10:38:05 AM | Epoch[78] :	Map 0.3318	
06/11 10:54:40 AM | Epoch[79] :	Total_loss 3.3261122703552246	
06/11 11:03:43 AM | Epoch[79] :	Map 0.3215	
06/11 11:20:17 AM | Epoch[80] :	Total_loss 4.783342361450195	
06/11 11:29:24 AM | Epoch[80] :	Map 0.3029	
06/11 11:45:57 AM | Epoch[81] :	Total_loss 3.823047637939453	
06/11 11:55:14 AM | Epoch[81] :	Map 0.3083	
06/11 12:46:32 PM | Epoch[82] :	Total_loss 6.15231990814209	
06/11 12:56:41 PM | Epoch[82] :	Map 0.3010	
06/11 01:39:36 PM | Epoch[83] :	Total_loss 2.54184627532959	
06/11 01:49:04 PM | Epoch[83] :	Map 0.2891	
06/11 02:05:59 PM | Epoch[84] :	Total_loss 6.359183311462402	
06/11 02:15:15 PM | Epoch[84] :	Map 0.3012	
06/11 02:31:49 PM | Epoch[85] :	Total_loss 6.0627641677856445	
06/11 02:41:07 PM | Epoch[85] :	Map 0.2854	
06/11 02:58:29 PM | Epoch[86] :	Total_loss 4.830704689025879	
06/11 03:07:31 PM | Epoch[86] :	Map 0.3263	
06/11 03:23:31 PM | Epoch[87] :	Total_loss 3.1534571647644043	
06/11 03:32:40 PM | Epoch[87] :	Map 0.3374	
06/11 03:48:52 PM | Epoch[88] :	Total_loss 4.233150959014893	
06/11 03:58:56 PM | Epoch[88] :	Map 0.3426	
06/11 04:53:22 PM | Epoch[89] :	Total_loss 3.051419734954834	
06/11 05:02:58 PM | Epoch[89] :	Map 0.3418	
06/11 06:21:22 PM | Epoch[90] :	Total_loss 4.382083892822266	
06/11 06:31:25 PM | Epoch[90] :	Map 0.3255	
06/11 07:50:17 PM | Epoch[91] :	Total_loss 3.017341136932373	
06/11 08:00:18 PM | Epoch[91] :	Map 0.3371	
06/11 09:17:51 PM | Epoch[92] :	Total_loss 5.310375690460205	
06/11 09:27:55 PM | Epoch[92] :	Map 0.3385	
