05/23 08:14:03 AM | Namespace(batch_size=8, checkpoint_interval=1, compute_map=False, data_config='config/coco.data', epochs=100, evaluation_interval=1, gradient_accumulations=2, img_size=416, job_dir='./experiments/class_6_pr_2', lr=0.001, lr_type='ori', model_def='config/yolov3.cfg', multiscale_training=True, n_cpu=8, pr_cfg=[0.3, 0.3, 0.4, 0.4, 0.5], pretrained_weights='weights/darknet53.conv.74', random_rule='random_pretrain')
05/23 08:14:03 AM | {'gpus': '0,1,2,3', 'num_workers': '10', 'classes': '6', 'train': '/media/disk2/zyx/coco_class_6/class_train.txt', 'valid': '/media/disk2/zyx/coco_class_6/class_val.txt', 'names': 'data/coco.names', 'backup': 'backup/', 'eval': 'coco'}
05/23 08:45:35 AM | Epoch[0] :	Total_loss 12.12211799621582	
05/23 09:15:48 AM | Epoch[1] :	Total_loss 14.971156120300293	
05/23 09:45:42 AM | Epoch[2] :	Total_loss 7.395784378051758	
05/23 10:15:57 AM | Epoch[3] :	Total_loss 8.520005226135254	
05/23 10:46:26 AM | Epoch[4] :	Total_loss 7.105196952819824	
05/23 11:16:52 AM | Epoch[5] :	Total_loss 6.4301018714904785	
05/23 11:47:21 AM | Epoch[6] :	Total_loss 7.8860697746276855	
05/23 12:17:49 PM | Epoch[7] :	Total_loss 7.434426784515381	
05/23 12:47:59 PM | Epoch[8] :	Total_loss 8.713945388793945	
05/23 01:18:02 PM | Epoch[9] :	Total_loss 5.344758987426758	
05/23 01:48:31 PM | Epoch[10] :	Total_loss 6.6555023193359375	
05/23 02:18:55 PM | Epoch[11] :	Total_loss 7.301894187927246	
05/23 02:49:08 PM | Epoch[12] :	Total_loss 7.149327278137207	
05/23 03:19:22 PM | Epoch[13] :	Total_loss 7.641361236572266	
05/23 03:49:45 PM | Epoch[14] :	Total_loss 6.5930585861206055	
05/23 04:19:57 PM | Epoch[15] :	Total_loss 9.011716842651367	
05/23 04:50:13 PM | Epoch[16] :	Total_loss 6.318856239318848	
05/23 05:20:39 PM | Epoch[17] :	Total_loss 5.004484176635742	
05/23 05:51:18 PM | Epoch[18] :	Total_loss 5.628103256225586	
05/23 06:21:51 PM | Epoch[19] :	Total_loss 8.24477481842041	
05/23 06:52:03 PM | Epoch[20] :	Total_loss 5.4970011711120605	
05/23 07:21:55 PM | Epoch[21] :	Total_loss 4.154102325439453	
05/23 07:51:56 PM | Epoch[22] :	Total_loss 6.516603469848633	
05/23 08:22:00 PM | Epoch[23] :	Total_loss 6.125903129577637	
05/23 08:52:21 PM | Epoch[24] :	Total_loss 4.571191310882568	
05/23 09:22:10 PM | Epoch[25] :	Total_loss 7.1485700607299805	
05/23 09:51:52 PM | Epoch[26] :	Total_loss 6.907139778137207	
05/23 10:21:57 PM | Epoch[27] :	Total_loss 7.92709493637085	
05/23 10:51:47 PM | Epoch[28] :	Total_loss 7.550937652587891	
05/23 11:21:54 PM | Epoch[29] :	Total_loss 4.322684288024902	
05/23 11:51:30 PM | Epoch[30] :	Total_loss 5.114396095275879	
05/24 12:21:19 AM | Epoch[31] :	Total_loss 7.973567008972168	
05/24 12:50:49 AM | Epoch[32] :	Total_loss 3.833876132965088	
05/24 01:21:18 AM | Epoch[33] :	Total_loss 5.052157402038574	
05/24 01:51:00 AM | Epoch[34] :	Total_loss 3.0475094318389893	
05/24 02:21:05 AM | Epoch[35] :	Total_loss 3.81364107131958	
05/24 02:50:56 AM | Epoch[36] :	Total_loss 5.479951858520508	
05/24 03:26:55 AM | Epoch[37] :	Total_loss 4.044873237609863	
05/24 04:10:47 AM | Epoch[38] :	Total_loss 4.149883270263672	
05/24 04:54:43 AM | Epoch[39] :	Total_loss 5.015073776245117	
05/24 05:38:39 AM | Epoch[40] :	Total_loss 4.137502670288086	
05/24 06:22:04 AM | Epoch[41] :	Total_loss 5.447291374206543	
05/24 07:05:48 AM | Epoch[42] :	Total_loss 5.500555515289307	
05/24 07:48:58 AM | Epoch[43] :	Total_loss 2.4160046577453613	
05/24 08:32:03 AM | Epoch[44] :	Total_loss 3.594391345977783	
05/24 09:14:36 AM | Epoch[45] :	Total_loss 4.22438907623291	
05/24 10:00:31 AM | Epoch[46] :	Total_loss 2.491434335708618	
05/24 10:30:39 AM | Epoch[47] :	Total_loss 5.512473106384277	
05/24 11:00:35 AM | Epoch[48] :	Total_loss 6.499927997589111	
05/24 11:37:19 AM | Epoch[49] :	Total_loss 4.604853630065918	
05/24 12:14:54 PM | Epoch[50] :	Total_loss 6.0138840675354	
05/24 12:51:16 PM | Epoch[51] :	Total_loss 4.006161689758301	
05/24 01:05:31 PM | Epoch[51] :	Map 0.3151	
05/24 01:05:31 PM | Best_map 0.3151	
05/24 01:42:50 PM | Epoch[52] :	Total_loss 4.98503303527832	
05/24 01:59:08 PM | Epoch[52] :	Map 0.3285	
05/24 01:59:08 PM | Best_map 0.3285	
05/24 02:36:54 PM | Epoch[53] :	Total_loss 3.196749210357666	
05/24 02:52:51 PM | Epoch[53] :	Map 0.3429	
05/24 02:52:52 PM | Best_map 0.3429	
05/24 03:30:15 PM | Epoch[54] :	Total_loss 4.263084411621094	
05/24 03:47:48 PM | Epoch[54] :	Map 0.3475	
05/24 03:47:48 PM | Best_map 0.3475	
05/24 04:25:20 PM | Epoch[55] :	Total_loss 4.031008243560791	
05/24 04:41:50 PM | Epoch[55] :	Map 0.3287	
05/24 05:18:23 PM | Epoch[56] :	Total_loss 4.084622859954834	
05/24 05:45:57 PM | Epoch[56] :	Map 0.3581	
05/24 05:45:57 PM | Best_map 0.3581	
05/24 06:36:07 PM | Epoch[57] :	Total_loss 4.912970066070557	
05/24 07:03:13 PM | Epoch[57] :	Map 0.3136	
05/24 07:52:32 PM | Epoch[58] :	Total_loss 6.0072407722473145	
05/24 08:18:58 PM | Epoch[58] :	Map 0.3449	
05/24 09:07:58 PM | Epoch[59] :	Total_loss 3.197356700897217	
05/24 09:33:59 PM | Epoch[59] :	Map 0.3652	
05/24 09:34:00 PM | Best_map 0.3652	
05/24 10:16:28 PM | Epoch[60] :	Total_loss 4.032866954803467	
05/24 10:37:04 PM | Epoch[60] :	Map 0.3718	
05/24 10:37:04 PM | Best_map 0.3718	
05/24 11:18:27 PM | Epoch[61] :	Total_loss 4.852789878845215	
05/24 11:38:24 PM | Epoch[61] :	Map 0.3445	
05/25 12:20:21 AM | Epoch[62] :	Total_loss 4.251429080963135	
05/25 12:41:12 AM | Epoch[62] :	Map 0.3515	
05/25 01:23:32 AM | Epoch[63] :	Total_loss 5.33795690536499	
05/25 01:44:14 AM | Epoch[63] :	Map 0.3178	
05/25 02:25:33 AM | Epoch[64] :	Total_loss 4.285189151763916	
05/25 02:44:09 AM | Epoch[64] :	Map 0.3278	
05/25 03:23:58 AM | Epoch[65] :	Total_loss 3.0302047729492188	
05/25 03:38:40 AM | Epoch[65] :	Map 0.3578	
05/25 04:12:21 AM | Epoch[66] :	Total_loss 3.552201271057129	
05/25 04:22:17 AM | Epoch[66] :	Map 0.3733	
05/25 04:22:18 AM | Best_map 0.3733	
05/25 04:51:56 AM | Epoch[67] :	Total_loss 4.738917827606201	
05/25 05:02:11 AM | Epoch[67] :	Map 0.3319	
05/25 05:32:29 AM | Epoch[68] :	Total_loss 4.9824700355529785	
05/25 05:43:00 AM | Epoch[68] :	Map 0.3407	
05/25 06:12:43 AM | Epoch[69] :	Total_loss 5.336033821105957	
05/25 06:22:42 AM | Epoch[69] :	Map 0.3520	
05/25 06:52:04 AM | Epoch[70] :	Total_loss 3.7909796237945557	
05/25 07:02:21 AM | Epoch[70] :	Map 0.3593	
05/25 07:32:26 AM | Epoch[71] :	Total_loss 3.541929244995117	
05/25 07:42:47 AM | Epoch[71] :	Map 0.3197	
05/25 08:12:48 AM | Epoch[72] :	Total_loss 4.180215358734131	
05/25 08:22:52 AM | Epoch[72] :	Map 0.3849	
05/25 08:22:53 AM | Best_map 0.3849	
05/25 08:52:45 AM | Epoch[73] :	Total_loss 5.340038299560547	
05/25 09:02:43 AM | Epoch[73] :	Map 0.3528	
05/25 09:32:20 AM | Epoch[74] :	Total_loss 4.26028299331665	
05/25 09:42:20 AM | Epoch[74] :	Map 0.3202	
05/25 10:12:15 AM | Epoch[75] :	Total_loss 2.8376715183258057	
05/25 10:22:40 AM | Epoch[75] :	Map 0.3732	
05/25 10:52:10 AM | Epoch[76] :	Total_loss 5.502974510192871	
05/25 11:02:30 AM | Epoch[76] :	Map 0.3158	
05/25 11:32:19 AM | Epoch[77] :	Total_loss 3.5235700607299805	
05/25 11:42:38 AM | Epoch[77] :	Map 0.3668	
05/25 12:20:47 PM | Epoch[78] :	Total_loss 6.292471408843994	
05/25 12:44:48 PM | Epoch[78] :	Map 0.3473	
05/25 01:30:24 PM | Epoch[79] :	Total_loss 3.3539586067199707	
05/25 01:54:07 PM | Epoch[79] :	Map 0.3776	
05/25 02:39:56 PM | Epoch[80] :	Total_loss 5.590204238891602	
05/25 03:03:35 PM | Epoch[80] :	Map 0.3383	
05/25 03:49:25 PM | Epoch[81] :	Total_loss 6.638892650604248	
05/25 04:10:26 PM | Epoch[81] :	Map 0.3495	
05/25 04:56:19 PM | Epoch[82] :	Total_loss 4.07044792175293	
05/25 05:21:00 PM | Epoch[82] :	Map 0.3550	
05/25 06:07:16 PM | Epoch[83] :	Total_loss 2.302640199661255	
05/25 06:27:13 PM | Epoch[83] :	Map 0.3388	
05/25 07:02:19 PM | Epoch[84] :	Total_loss 5.62243127822876	
05/25 07:12:42 PM | Epoch[84] :	Map 0.3432	
05/25 07:42:17 PM | Epoch[85] :	Total_loss 3.912874698638916	
05/25 07:52:43 PM | Epoch[85] :	Map 0.3615	
05/25 08:22:24 PM | Epoch[86] :	Total_loss 4.364044189453125	
05/25 08:32:42 PM | Epoch[86] :	Map 0.3371	
05/25 09:15:08 PM | Epoch[87] :	Total_loss 3.7380151748657227	
05/25 09:39:48 PM | Epoch[87] :	Map 0.3736	
05/25 10:26:37 PM | Epoch[88] :	Total_loss 2.7734298706054688	
05/25 10:51:50 PM | Epoch[88] :	Map 0.3457	
05/25 11:39:08 PM | Epoch[89] :	Total_loss 4.421877861022949	
05/26 12:04:28 AM | Epoch[89] :	Map 0.3396	
05/26 12:49:57 AM | Epoch[90] :	Total_loss 5.157034873962402	
05/26 01:10:23 AM | Epoch[90] :	Map 0.3550	
05/26 01:57:17 AM | Epoch[91] :	Total_loss 3.629115343093872	
05/26 02:23:08 AM | Epoch[91] :	Map 0.3880	
05/26 02:23:08 AM | Best_map 0.3880	
05/26 03:17:30 AM | Epoch[92] :	Total_loss 5.807201385498047	
05/26 03:47:49 AM | Epoch[92] :	Map 0.3218	
05/26 04:40:35 AM | Epoch[93] :	Total_loss 2.2651097774505615	
05/26 04:58:19 AM | Epoch[93] :	Map 0.3689	
05/26 05:40:56 AM | Epoch[94] :	Total_loss 3.4965574741363525	
05/26 06:02:21 AM | Epoch[94] :	Map 0.3874	
05/26 06:54:38 AM | Epoch[95] :	Total_loss 3.6817855834960938	
05/26 07:10:02 AM | Epoch[95] :	Map 0.3871	
05/26 07:46:33 AM | Epoch[96] :	Total_loss 5.225337505340576	
05/26 08:02:19 AM | Epoch[96] :	Map 0.3593	
05/26 08:46:50 AM | Epoch[97] :	Total_loss 2.5164875984191895	
05/26 09:10:34 AM | Epoch[97] :	Map 0.3637	
05/26 09:54:25 AM | Epoch[98] :	Total_loss 1.4622673988342285	
05/26 10:16:54 AM | Epoch[98] :	Map 0.4060	
05/26 10:16:54 AM | Best_map 0.4060	
05/26 11:00:44 AM | Epoch[99] :	Total_loss 2.340911388397217	
05/26 11:23:04 AM | Epoch[99] :	Map 0.3620	
05/26 11:23:04 AM | Best_map 0.4060	
