05/19 10:01:34 AM | Epoch[0] :	Total_loss 24.6485538482666	
05/19 10:18:40 AM | Namespace(batch_size=8, checkpoint_interval=1, compute_map=False, data_config='config/coco.data', epochs=100, evaluation_interval=1, gradient_accumulations=2, img_size=416, job_dir='./experiments/pr_3', lr_type='cos', model_def='config/yolov3.cfg', multiscale_training=True, n_cpu=8, pr_cfg=[0.4, 0.4, 0.5, 0.5, 0.6], pretrained_weights='weights/darknet53.conv.74', random_rule='random_pretrain')
05/19 10:18:40 AM | {'gpus': '0,1,2,3', 'num_workers': '10', 'classes': '1', 'train': '/media/disk2/zyx/coco_class/class_train.txt', 'valid': '/media/disk2/zyx/coco_class/class_val.txt', 'names': 'data/coco.names', 'backup': 'backup/', 'eval': 'coco'}
05/19 10:20:50 AM | Epoch[0] :	Total_loss 19.398874282836914	
05/19 10:22:17 AM | Epoch[1] :	Total_loss 12.074758529663086	
05/19 10:23:45 AM | Epoch[2] :	Total_loss 14.922054290771484	
05/19 10:25:12 AM | Epoch[3] :	Total_loss 7.576277732849121	
05/19 10:26:43 AM | Epoch[4] :	Total_loss 13.303668975830078	
05/19 10:28:09 AM | Epoch[5] :	Total_loss 9.38284969329834	
05/19 10:29:37 AM | Epoch[6] :	Total_loss 12.518142700195312	
05/19 10:31:08 AM | Epoch[7] :	Total_loss 7.198195457458496	
05/19 10:32:38 AM | Epoch[8] :	Total_loss 16.86737823486328	
05/19 10:34:08 AM | Epoch[9] :	Total_loss 13.954524040222168	
05/19 10:35:40 AM | Epoch[10] :	Total_loss 11.46998405456543	
05/19 10:37:12 AM | Epoch[11] :	Total_loss 8.688833236694336	
05/19 10:38:46 AM | Epoch[12] :	Total_loss 8.76036262512207	
05/19 10:40:13 AM | Epoch[13] :	Total_loss 34.22362518310547	
05/19 10:41:44 AM | Epoch[14] :	Total_loss 10.641667366027832	
05/19 10:43:17 AM | Epoch[15] :	Total_loss 5.748462200164795	
05/19 10:44:49 AM | Epoch[16] :	Total_loss 3.4416682720184326	
05/19 10:46:17 AM | Epoch[17] :	Total_loss 6.146090030670166	
05/19 10:47:49 AM | Epoch[18] :	Total_loss 9.410383224487305	
05/19 10:49:19 AM | Epoch[19] :	Total_loss 5.2612714767456055	
05/19 10:50:47 AM | Epoch[20] :	Total_loss 9.736188888549805	
05/19 10:52:15 AM | Epoch[21] :	Total_loss 7.333500862121582	
05/19 10:53:47 AM | Epoch[22] :	Total_loss 8.370960235595703	
05/19 10:55:12 AM | Epoch[23] :	Total_loss 7.206270217895508	
05/19 10:56:42 AM | Epoch[24] :	Total_loss 15.693382263183594	
05/19 10:58:08 AM | Epoch[25] :	Total_loss 24.736358642578125	
05/19 10:59:38 AM | Epoch[26] :	Total_loss 7.207619667053223	
05/19 11:01:08 AM | Epoch[27] :	Total_loss 6.350794792175293	
05/19 11:02:35 AM | Epoch[28] :	Total_loss 6.293456077575684	
05/19 11:04:08 AM | Epoch[29] :	Total_loss 13.02096176147461	
05/19 11:05:43 AM | Epoch[30] :	Total_loss 6.858132839202881	
05/19 11:07:15 AM | Epoch[31] :	Total_loss 2.6442928314208984	
05/19 11:08:43 AM | Epoch[32] :	Total_loss 9.014364242553711	
05/19 11:10:11 AM | Epoch[33] :	Total_loss 18.005800247192383	
05/19 11:11:40 AM | Epoch[34] :	Total_loss 7.556830883026123	
05/19 11:13:06 AM | Epoch[35] :	Total_loss 5.302923202514648	
05/19 11:14:39 AM | Epoch[36] :	Total_loss 9.826984405517578	
05/19 11:16:09 AM | Epoch[37] :	Total_loss 13.111319541931152	
05/19 11:17:37 AM | Epoch[38] :	Total_loss 7.556840896606445	
05/19 11:19:07 AM | Epoch[39] :	Total_loss 5.762964248657227	
05/19 11:20:38 AM | Epoch[40] :	Total_loss 13.348068237304688	
05/19 11:22:05 AM | Epoch[41] :	Total_loss 8.624486923217773	
05/19 11:23:36 AM | Epoch[42] :	Total_loss 3.4088168144226074	
05/19 11:25:03 AM | Epoch[43] :	Total_loss 6.414884567260742	
05/19 11:26:36 AM | Epoch[44] :	Total_loss 3.647289752960205	
05/19 11:28:05 AM | Epoch[45] :	Total_loss 6.846209526062012	
05/19 11:29:32 AM | Epoch[46] :	Total_loss 8.021150588989258	
05/19 11:31:06 AM | Epoch[47] :	Total_loss 5.727921485900879	
05/19 11:32:38 AM | Epoch[48] :	Total_loss 6.895328998565674	
05/19 11:34:13 AM | Epoch[49] :	Total_loss 10.39134407043457	
05/19 11:35:47 AM | Epoch[50] :	Total_loss 13.047200202941895	
05/19 11:37:18 AM | Epoch[51] :	Total_loss 8.42940902709961	
05/19 12:03:46 PM | Epoch[51] :	Map 0.2470	
05/19 12:03:46 PM | Best_map 0.2470	
05/19 12:05:15 PM | Epoch[52] :	Total_loss 13.912742614746094	
05/19 12:06:02 PM | Epoch[52] :	Map 0.1547	
05/19 12:07:30 PM | Epoch[53] :	Total_loss 3.661581516265869	
05/19 12:08:17 PM | Epoch[53] :	Map 0.1075	
05/19 12:09:45 PM | Epoch[54] :	Total_loss 1.276827096939087	
05/19 12:10:31 PM | Epoch[54] :	Map 0.2216	
05/19 12:11:58 PM | Epoch[55] :	Total_loss 2.997138500213623	
05/19 12:12:49 PM | Epoch[55] :	Map 0.1510	
05/19 12:14:17 PM | Epoch[56] :	Total_loss 5.168802738189697	
05/19 12:15:06 PM | Epoch[56] :	Map 0.1886	
05/19 12:16:37 PM | Epoch[57] :	Total_loss 15.939355850219727	
05/19 12:17:23 PM | Epoch[57] :	Map 0.1574	
05/19 12:18:49 PM | Epoch[58] :	Total_loss 5.723207473754883	
05/19 12:19:36 PM | Epoch[58] :	Map 0.1408	
05/19 12:21:06 PM | Epoch[59] :	Total_loss 3.361056327819824	
05/19 12:21:53 PM | Epoch[59] :	Map 0.1895	
05/19 12:23:21 PM | Epoch[60] :	Total_loss 5.336236476898193	
05/19 12:24:09 PM | Epoch[60] :	Map 0.3288	
05/19 12:24:09 PM | Best_map 0.3288	
05/19 12:25:36 PM | Epoch[61] :	Total_loss 13.57125473022461	
05/19 12:26:26 PM | Epoch[61] :	Map 0.1628	
05/19 12:27:56 PM | Epoch[62] :	Total_loss 4.335994243621826	
05/19 12:28:44 PM | Epoch[62] :	Map 0.1324	
05/19 12:30:14 PM | Epoch[63] :	Total_loss 2.1937968730926514	
05/19 12:31:04 PM | Epoch[63] :	Map 0.2489	
05/19 12:32:35 PM | Epoch[64] :	Total_loss 7.416625022888184	
05/19 12:33:24 PM | Epoch[64] :	Map 0.0870	
05/19 12:34:52 PM | Epoch[65] :	Total_loss 16.228635787963867	
05/19 12:35:40 PM | Epoch[65] :	Map 0.2657	
05/19 12:37:07 PM | Epoch[66] :	Total_loss 2.1275458335876465	
05/19 12:37:55 PM | Epoch[66] :	Map 0.1819	
05/19 12:39:25 PM | Epoch[67] :	Total_loss 4.385983467102051	
05/19 12:40:14 PM | Epoch[67] :	Map 0.2576	
05/19 12:41:42 PM | Epoch[68] :	Total_loss 2.0815987586975098	
05/19 12:42:29 PM | Epoch[68] :	Map 0.1432	
05/19 12:44:00 PM | Epoch[69] :	Total_loss 4.328128814697266	
05/19 12:44:48 PM | Epoch[69] :	Map 0.1696	
05/19 12:46:19 PM | Epoch[70] :	Total_loss 4.032520294189453	
05/19 12:47:07 PM | Epoch[70] :	Map 0.1422	
05/19 12:48:35 PM | Epoch[71] :	Total_loss 10.143206596374512	
05/19 12:49:20 PM | Epoch[71] :	Map 0.1599	
05/19 12:50:50 PM | Epoch[72] :	Total_loss 11.478273391723633	
05/19 12:51:37 PM | Epoch[72] :	Map 0.1919	
05/19 12:53:06 PM | Epoch[73] :	Total_loss 4.631901264190674	
05/19 12:53:50 PM | Epoch[73] :	Map 0.1685	
05/19 12:55:20 PM | Epoch[74] :	Total_loss 35.44087219238281	
05/19 12:56:05 PM | Epoch[74] :	Map 0.2195	
05/19 12:57:33 PM | Epoch[75] :	Total_loss 2.5263991355895996	
05/19 12:58:17 PM | Epoch[75] :	Map 0.2962	
05/19 12:59:41 PM | Epoch[76] :	Total_loss 3.3356173038482666	
05/19 01:00:25 PM | Epoch[76] :	Map 0.1928	
05/19 01:01:54 PM | Epoch[77] :	Total_loss 7.700605869293213	
05/19 01:02:42 PM | Epoch[77] :	Map 0.1929	
05/19 01:04:10 PM | Epoch[78] :	Total_loss 2.8027312755584717	
05/19 01:04:58 PM | Epoch[78] :	Map 0.1981	
05/19 01:06:26 PM | Epoch[79] :	Total_loss 2.4134888648986816	
05/19 01:07:13 PM | Epoch[79] :	Map 0.2516	
05/19 01:08:39 PM | Epoch[80] :	Total_loss 15.680853843688965	
05/19 01:09:23 PM | Epoch[80] :	Map 0.1392	
05/19 01:10:56 PM | Epoch[81] :	Total_loss 1.1179156303405762	
05/19 01:11:41 PM | Epoch[81] :	Map 0.1733	
05/19 01:13:11 PM | Epoch[82] :	Total_loss 10.505998611450195	
05/19 01:13:59 PM | Epoch[82] :	Map 0.2886	
05/19 01:15:28 PM | Epoch[83] :	Total_loss 4.372662544250488	
05/19 01:16:12 PM | Epoch[83] :	Map 0.1345	
05/19 01:17:40 PM | Epoch[84] :	Total_loss 20.872100830078125	
05/19 01:18:27 PM | Epoch[84] :	Map 0.2098	
05/19 01:19:50 PM | Epoch[85] :	Total_loss 8.272538185119629	
05/19 01:20:38 PM | Epoch[85] :	Map 0.2305	
05/19 01:22:10 PM | Epoch[86] :	Total_loss 10.552813529968262	
05/19 01:22:58 PM | Epoch[86] :	Map 0.2016	
05/19 01:24:24 PM | Epoch[87] :	Total_loss 4.306394100189209	
05/19 01:25:12 PM | Epoch[87] :	Map 0.2874	
05/19 01:26:38 PM | Epoch[88] :	Total_loss 3.3411154747009277	
05/19 01:27:25 PM | Epoch[88] :	Map 0.2031	
05/19 01:28:51 PM | Epoch[89] :	Total_loss 8.069066047668457	
05/19 01:29:36 PM | Epoch[89] :	Map 0.2149	
05/19 01:31:04 PM | Epoch[90] :	Total_loss 2.0842418670654297	
05/19 01:31:51 PM | Epoch[90] :	Map 0.2937	
05/19 01:33:20 PM | Epoch[91] :	Total_loss 1.985342025756836	
05/19 01:34:04 PM | Epoch[91] :	Map 0.2865	
05/19 01:35:34 PM | Epoch[92] :	Total_loss 4.680019378662109	
05/19 01:36:21 PM | Epoch[92] :	Map 0.2630	
05/19 01:37:46 PM | Epoch[93] :	Total_loss 14.133832931518555	
05/19 01:38:34 PM | Epoch[93] :	Map 0.1844	
05/19 01:40:01 PM | Epoch[94] :	Total_loss 2.6986236572265625	
05/19 01:40:46 PM | Epoch[94] :	Map 0.2660	
05/19 01:42:13 PM | Epoch[95] :	Total_loss 2.1545791625976562	
05/19 01:42:57 PM | Epoch[95] :	Map 0.2059	
05/19 01:44:23 PM | Epoch[96] :	Total_loss 1.6724246740341187	
05/19 01:45:11 PM | Epoch[96] :	Map 0.2780	
05/19 01:46:37 PM | Epoch[97] :	Total_loss 4.892094612121582	
05/19 01:47:21 PM | Epoch[97] :	Map 0.2744	
05/19 01:48:50 PM | Epoch[98] :	Total_loss 1.703027367591858	
05/19 01:49:34 PM | Epoch[98] :	Map 0.3127	
05/19 01:51:05 PM | Epoch[99] :	Total_loss 2.5885164737701416	
05/19 01:51:49 PM | Epoch[99] :	Map 0.2795	
05/19 01:51:50 PM | Best_map 0.2795	
