05/19 02:45:01 PM | Namespace(batch_size=8, checkpoint_interval=1, compute_map=False, data_config='config/coco.data', epochs=100, evaluation_interval=1, gradient_accumulations=2, img_size=416, job_dir='./experiments/pr_4', lr=0.001, lr_type='cos', model_def='config/yolov3.cfg', multiscale_training=True, n_cpu=8, pr_cfg=[0.5, 0.5, 0.6, 0.6, 0.7], pretrained_weights='weights/darknet53.conv.74', random_rule='random_pretrain')
05/19 02:45:01 PM | {'gpus': '0,1,2,3', 'num_workers': '10', 'classes': '1', 'train': '/media/disk2/zyx/coco_class/class_train.txt', 'valid': '/media/disk2/zyx/coco_class/class_val.txt', 'names': 'data/coco.names', 'backup': 'backup/', 'eval': 'coco'}
05/19 02:45:35 PM | Namespace(batch_size=8, checkpoint_interval=1, compute_map=False, data_config='config/coco.data', epochs=100, evaluation_interval=1, gradient_accumulations=2, img_size=416, job_dir='./experiments/pr_4', lr=0.001, lr_type='ori', model_def='config/yolov3.cfg', multiscale_training=True, n_cpu=8, pr_cfg=[0.5, 0.5, 0.6, 0.6, 0.7], pretrained_weights='weights/darknet53.conv.74', random_rule='random_pretrain')
05/19 02:45:35 PM | {'gpus': '0,1,2,3', 'num_workers': '10', 'classes': '1', 'train': '/media/disk2/zyx/coco_class/class_train.txt', 'valid': '/media/disk2/zyx/coco_class/class_val.txt', 'names': 'data/coco.names', 'backup': 'backup/', 'eval': 'coco'}
05/19 02:47:24 PM | Epoch[0] :	Total_loss 25.15133285522461	
05/19 02:48:45 PM | Epoch[1] :	Total_loss 15.090056419372559	
05/19 02:50:06 PM | Epoch[2] :	Total_loss 8.534036636352539	
05/19 02:51:22 PM | Epoch[3] :	Total_loss 8.394744873046875	
05/19 02:52:42 PM | Epoch[4] :	Total_loss 27.548303604125977	
05/19 02:54:06 PM | Epoch[5] :	Total_loss 14.066168785095215	
05/19 02:55:24 PM | Epoch[6] :	Total_loss 15.834601402282715	
05/19 02:56:49 PM | Epoch[7] :	Total_loss 13.302932739257812	
05/19 02:58:09 PM | Epoch[8] :	Total_loss 13.395500183105469	
05/19 02:59:27 PM | Epoch[9] :	Total_loss 11.625083923339844	
05/19 03:00:50 PM | Epoch[10] :	Total_loss 8.150314331054688	
05/19 03:02:07 PM | Epoch[11] :	Total_loss 9.081525802612305	
05/19 03:03:24 PM | Epoch[12] :	Total_loss 3.868985891342163	
05/19 03:04:46 PM | Epoch[13] :	Total_loss 6.232522010803223	
05/19 03:06:07 PM | Epoch[14] :	Total_loss 7.663326263427734	
05/19 03:07:27 PM | Epoch[15] :	Total_loss 5.5189595222473145	
05/19 03:08:47 PM | Epoch[16] :	Total_loss 12.370180130004883	
05/19 03:10:06 PM | Epoch[17] :	Total_loss 12.30028247833252	
05/19 03:11:27 PM | Epoch[18] :	Total_loss 15.993003845214844	
05/19 03:12:47 PM | Epoch[19] :	Total_loss 7.705813884735107	
05/19 03:14:10 PM | Epoch[20] :	Total_loss 6.913760185241699	
05/19 03:15:31 PM | Epoch[21] :	Total_loss 8.007463455200195	
05/19 03:16:52 PM | Epoch[22] :	Total_loss 7.4121317863464355	
05/19 03:18:13 PM | Epoch[23] :	Total_loss 2.649984836578369	
05/19 03:19:31 PM | Epoch[24] :	Total_loss 8.1624174118042	
05/19 03:20:51 PM | Epoch[25] :	Total_loss 7.325093746185303	
05/19 03:22:08 PM | Epoch[26] :	Total_loss 4.677696228027344	
05/19 03:23:27 PM | Epoch[27] :	Total_loss 4.34489107131958	
05/19 03:24:50 PM | Epoch[28] :	Total_loss 8.791566848754883	
05/19 03:26:09 PM | Epoch[29] :	Total_loss 4.253700256347656	
05/19 03:27:27 PM | Epoch[30] :	Total_loss 9.585168838500977	
05/19 03:28:48 PM | Epoch[31] :	Total_loss 4.801566123962402	
05/19 03:30:06 PM | Epoch[32] :	Total_loss 9.837855339050293	
05/19 03:31:26 PM | Epoch[33] :	Total_loss 4.128207206726074	
05/19 03:32:44 PM | Epoch[34] :	Total_loss 2.4760279655456543	
05/19 03:34:03 PM | Epoch[35] :	Total_loss 12.290809631347656	
05/19 03:35:22 PM | Epoch[36] :	Total_loss 6.045302391052246	
05/19 03:36:44 PM | Epoch[37] :	Total_loss 11.39791488647461	
05/19 03:38:06 PM | Epoch[38] :	Total_loss 4.401394844055176	
05/19 03:39:30 PM | Epoch[39] :	Total_loss 16.7896728515625	
05/19 03:40:49 PM | Epoch[40] :	Total_loss 2.6436986923217773	
05/19 03:42:10 PM | Epoch[41] :	Total_loss 3.1863410472869873	
05/19 03:43:33 PM | Epoch[42] :	Total_loss 5.727231025695801	
05/19 03:44:53 PM | Epoch[43] :	Total_loss 5.196465492248535	
05/19 03:46:14 PM | Epoch[44] :	Total_loss 2.425845146179199	
05/19 03:47:33 PM | Epoch[45] :	Total_loss 5.19285774230957	
05/19 03:48:55 PM | Epoch[46] :	Total_loss 28.711034774780273	
05/19 03:50:14 PM | Epoch[47] :	Total_loss 10.306276321411133	
05/19 03:51:34 PM | Epoch[48] :	Total_loss 10.64561653137207	
05/19 03:52:54 PM | Epoch[49] :	Total_loss 3.8527393341064453	
05/19 03:54:14 PM | Epoch[50] :	Total_loss 2.9297940731048584	
05/19 03:55:34 PM | Epoch[51] :	Total_loss 6.983378887176514	
05/19 04:22:25 PM | Epoch[51] :	Map 0.2231	
05/19 04:22:25 PM | Best_map 0.2231	
05/19 04:23:47 PM | Epoch[52] :	Total_loss 7.890705108642578	
05/19 04:24:36 PM | Epoch[52] :	Map 0.1446	
05/19 04:33:52 PM | Epoch[53] :	Total_loss 13.014652252197266	
05/19 04:34:41 PM | Epoch[53] :	Map 0.2320	
05/19 04:34:41 PM | Best_map 0.2320	
05/19 04:36:00 PM | Epoch[54] :	Total_loss 4.254902362823486	
05/19 04:36:47 PM | Epoch[54] :	Map 0.2034	
05/19 04:38:06 PM | Epoch[55] :	Total_loss 14.878534317016602	
05/19 04:38:54 PM | Epoch[55] :	Map 0.1233	
05/19 04:40:14 PM | Epoch[56] :	Total_loss 4.953658103942871	
05/19 04:41:01 PM | Epoch[56] :	Map 0.1833	
05/19 04:42:19 PM | Epoch[57] :	Total_loss 6.738884925842285	
05/19 04:43:09 PM | Epoch[57] :	Map 0.1735	
05/19 04:44:27 PM | Epoch[58] :	Total_loss 4.657742023468018	
05/19 04:45:14 PM | Epoch[58] :	Map 0.1545	
05/19 04:46:31 PM | Epoch[59] :	Total_loss 13.117476463317871	
05/19 04:47:19 PM | Epoch[59] :	Map 0.1544	
05/19 04:48:36 PM | Epoch[60] :	Total_loss 10.940014839172363	
05/19 04:49:38 PM | Epoch[60] :	Map 0.0005	
05/19 04:50:58 PM | Epoch[61] :	Total_loss 8.079991340637207	
05/19 04:51:46 PM | Epoch[61] :	Map 0.1989	
05/19 04:53:06 PM | Epoch[62] :	Total_loss 4.355673789978027	
05/19 04:53:56 PM | Epoch[62] :	Map 0.2281	
05/19 04:55:15 PM | Epoch[63] :	Total_loss 8.017047882080078	
05/19 04:56:04 PM | Epoch[63] :	Map 0.2004	
05/19 04:57:24 PM | Epoch[64] :	Total_loss 2.5194292068481445	
05/19 04:58:11 PM | Epoch[64] :	Map 0.2684	
05/19 04:58:11 PM | Best_map 0.2684	
05/19 04:59:32 PM | Epoch[65] :	Total_loss 2.78129506111145	
05/19 05:00:19 PM | Epoch[65] :	Map 0.0820	
05/19 05:01:37 PM | Epoch[66] :	Total_loss 8.798778533935547	
05/19 05:02:27 PM | Epoch[66] :	Map 0.2102	
05/19 05:03:50 PM | Epoch[67] :	Total_loss 5.015233993530273	
05/19 05:04:38 PM | Epoch[67] :	Map 0.1879	
05/19 05:05:58 PM | Epoch[68] :	Total_loss 2.67124605178833	
05/19 05:06:50 PM | Epoch[68] :	Map 0.1819	
05/19 05:08:05 PM | Epoch[69] :	Total_loss 4.001675128936768	
05/19 05:08:52 PM | Epoch[69] :	Map 0.3348	
05/19 05:08:52 PM | Best_map 0.3348	
05/19 05:10:09 PM | Epoch[70] :	Total_loss 3.505730628967285	
05/19 05:10:55 PM | Epoch[70] :	Map 0.2506	
05/19 05:12:16 PM | Epoch[71] :	Total_loss 8.428298950195312	
05/19 05:13:02 PM | Epoch[71] :	Map 0.1955	
05/19 05:14:20 PM | Epoch[72] :	Total_loss 4.987141132354736	
05/19 05:15:06 PM | Epoch[72] :	Map 0.2656	
05/19 05:16:24 PM | Epoch[73] :	Total_loss 2.937316417694092	
05/19 05:17:16 PM | Epoch[73] :	Map 0.2234	
05/19 05:18:34 PM | Epoch[74] :	Total_loss 2.82279634475708	
05/19 05:19:23 PM | Epoch[74] :	Map 0.1519	
05/19 05:20:44 PM | Epoch[75] :	Total_loss 3.3441202640533447	
05/19 05:21:34 PM | Epoch[75] :	Map 0.2192	
05/19 05:22:49 PM | Epoch[76] :	Total_loss 3.110098361968994	
05/19 05:23:38 PM | Epoch[76] :	Map 0.2434	
05/19 05:24:59 PM | Epoch[77] :	Total_loss 3.430331230163574	
05/19 05:25:48 PM | Epoch[77] :	Map 0.2183	
05/19 05:27:08 PM | Epoch[78] :	Total_loss 5.207549095153809	
05/19 05:27:59 PM | Epoch[78] :	Map 0.1039	
05/19 05:29:17 PM | Epoch[79] :	Total_loss 3.121473789215088	
05/19 05:30:04 PM | Epoch[79] :	Map 0.2966	
05/19 05:31:27 PM | Epoch[80] :	Total_loss 29.92565155029297	
05/19 05:32:13 PM | Epoch[80] :	Map 0.2408	
05/19 05:33:32 PM | Epoch[81] :	Total_loss 6.891628265380859	
05/19 05:34:23 PM | Epoch[81] :	Map 0.2814	
05/19 05:35:39 PM | Epoch[82] :	Total_loss 6.973511219024658	
05/19 05:36:27 PM | Epoch[82] :	Map 0.2753	
05/19 05:37:42 PM | Epoch[83] :	Total_loss 1.8619186878204346	
05/19 05:38:28 PM | Epoch[83] :	Map 0.2728	
05/19 05:39:45 PM | Epoch[84] :	Total_loss 4.222280979156494	
05/19 05:40:36 PM | Epoch[84] :	Map 0.0485	
05/19 05:41:58 PM | Epoch[85] :	Total_loss 4.498440265655518	
05/19 05:42:46 PM | Epoch[85] :	Map 0.1582	
05/19 05:44:06 PM | Epoch[86] :	Total_loss 3.7110977172851562	
05/19 05:44:53 PM | Epoch[86] :	Map 0.2764	
05/19 05:46:12 PM | Epoch[87] :	Total_loss 7.112454414367676	
05/19 05:46:59 PM | Epoch[87] :	Map 0.0814	
05/19 05:48:15 PM | Epoch[88] :	Total_loss 4.324005603790283	
05/19 05:49:03 PM | Epoch[88] :	Map 0.2163	
05/19 05:50:25 PM | Epoch[89] :	Total_loss 3.032719850540161	
05/19 05:51:11 PM | Epoch[89] :	Map 0.1982	
05/19 05:52:31 PM | Epoch[90] :	Total_loss 29.93107032775879	
05/19 05:53:18 PM | Epoch[90] :	Map 0.1846	
05/19 05:54:35 PM | Epoch[91] :	Total_loss 2.900495767593384	
05/19 05:55:26 PM | Epoch[91] :	Map 0.2737	
05/19 05:56:45 PM | Epoch[92] :	Total_loss 4.559693813323975	
05/19 05:57:31 PM | Epoch[92] :	Map 0.1627	
05/19 05:58:49 PM | Epoch[93] :	Total_loss 2.2793819904327393	
05/19 05:59:37 PM | Epoch[93] :	Map 0.2536	
05/19 06:00:56 PM | Epoch[94] :	Total_loss 3.8515431880950928	
05/19 06:01:44 PM | Epoch[94] :	Map 0.2927	
05/19 06:03:01 PM | Epoch[95] :	Total_loss 5.28215217590332	
05/19 06:03:48 PM | Epoch[95] :	Map 0.2107	
05/19 06:05:04 PM | Epoch[96] :	Total_loss 11.35791015625	
05/19 06:06:03 PM | Epoch[96] :	Map 0.0004	
05/19 06:07:21 PM | Epoch[97] :	Total_loss 4.856741428375244	
05/19 06:08:11 PM | Epoch[97] :	Map 0.1892	
05/19 06:09:31 PM | Epoch[98] :	Total_loss 3.884100914001465	
05/19 06:10:21 PM | Epoch[98] :	Map 0.1960	
05/19 06:11:38 PM | Epoch[99] :	Total_loss 2.1679818630218506	
05/19 06:12:28 PM | Epoch[99] :	Map 0.2923	
05/19 06:12:28 PM | Best_map 0.3348	
